<?xml version="1.0" encoding="UTF-8"?>
<!-- Generated by org.testng.reporters.JUnitXMLReporter -->
<testsuite ignored="0" hostname="DESKTOP-P0HEONC" failures="0" tests="3" name="Default test" time="0.043" errors="0" timestamp="2022-01-31T22:33:00 GMT-08:00">
  <testcase classname="TestNG.com.testNG_demo.DataProviderDemo" name="loginToBrowser" time="0.006"/>
  <testcase classname="TestNG.com.testNG_demo.DataProviderDemo" name="loginToBrowser" time="0.001"/>
  <testcase classname="TestNG.com.testNG_demo.DataProviderDemo" name="loginToBrowser" time="0.001"/>
</testsuite> <!-- Default test -->
