<?xml version="1.0" encoding="UTF-8"?>
<testng-results ignored="0" total="3" passed="3" failed="0" skipped="0">
  <reporter-output>
  </reporter-output>
  <suite started-at="2022-01-31T22:33:00 GMT-08:00" name="Default suite" finished-at="2022-01-31T22:33:00 GMT-08:00" duration-ms="43">
    <groups>
    </groups>
    <test started-at="2022-01-31T22:33:00 GMT-08:00" name="Default test" finished-at="2022-01-31T22:33:00 GMT-08:00" duration-ms="43">
      <class name="TestNG.com.testNG_demo.DataProviderDemo">
        <test-method signature="loginToBrowser(java.lang.String,java.lang.String)[pri:0, instance:TestNG.com.testNG_demo.DataProviderDemo@163e4e87]" started-at="2022-01-31T22:33:00 GMT-08:00" name="loginToBrowser" data-provider="demo_credentials" finished-at="2022-01-31T22:33:00 GMT-08:00" duration-ms="6" status="PASS">
          <params>
            <param index="0">
              <value>
                <![CDATA[u1]]>
              </value>
            </param>
            <param index="1">
              <value>
                <![CDATA[p1]]>
              </value>
            </param>
          </params>
          <reporter-output>
          </reporter-output>
        </test-method> <!-- loginToBrowser -->
        <test-method signature="loginToBrowser(java.lang.String,java.lang.String)[pri:0, instance:TestNG.com.testNG_demo.DataProviderDemo@163e4e87]" started-at="2022-01-31T22:33:00 GMT-08:00" name="loginToBrowser" data-provider="demo_credentials" finished-at="2022-01-31T22:33:00 GMT-08:00" duration-ms="1" status="PASS">
          <params>
            <param index="0">
              <value>
                <![CDATA[u2]]>
              </value>
            </param>
            <param index="1">
              <value>
                <![CDATA[p2]]>
              </value>
            </param>
          </params>
          <reporter-output>
          </reporter-output>
        </test-method> <!-- loginToBrowser -->
        <test-method signature="loginToBrowser(java.lang.String,java.lang.String)[pri:0, instance:TestNG.com.testNG_demo.DataProviderDemo@163e4e87]" started-at="2022-01-31T22:33:00 GMT-08:00" name="loginToBrowser" data-provider="demo_credentials" finished-at="2022-01-31T22:33:00 GMT-08:00" duration-ms="1" status="PASS">
          <params>
            <param index="0">
              <value>
                <![CDATA[u3]]>
              </value>
            </param>
            <param index="1">
              <value>
                <![CDATA[p3]]>
              </value>
            </param>
          </params>
          <reporter-output>
          </reporter-output>
        </test-method> <!-- loginToBrowser -->
      </class> <!-- TestNG.com.testNG_demo.DataProviderDemo -->
    </test> <!-- Default test -->
  </suite> <!-- Default suite -->
</testng-results>
